12:17:29.050 [main] DEBUG org.testng.TestNG - suiteXmlPath: "E:\java-automation\OpencartV121\master.xml"
12:17:29.215 [main] INFO  org.testng.internal.Utils - [TestNG] Running:
  E:\java-automation\OpencartV121\master.xml

12:18:30.939 [main] DEBUG org.testng.TestNG - suiteXmlPath: "E:\java-automation\OpencartV121\master.xml"
12:18:31.102 [main] INFO  org.testng.internal.Utils - [TestNG] Running:
  E:\java-automation\OpencartV121\master.xml

12:18:34.968 [main] INFO  testCases.TC005_AddToCartPageTest - ***** Started TC005_AddToCartPageTest ******
12:18:45.252 [main] ERROR testCases.TC005_AddToCartPageTest - Test Failed
12:19:27.333 [main] DEBUG org.testng.TestNG - suiteXmlPath: "E:\java-automation\OpencartV121\master.xml"
12:19:27.499 [main] INFO  org.testng.internal.Utils - [TestNG] Running:
  E:\java-automation\OpencartV121\master.xml

12:19:30.110 [main] INFO  testCases.TC005_AddToCartPageTest - ***** Started TC005_AddToCartPageTest ******
12:19:40.589 [main] ERROR testCases.TC005_AddToCartPageTest - Test Failed
12:20:49.182 [main] DEBUG org.testng.TestNG - suiteXmlPath: "E:\java-automation\OpencartV121\master.xml"
12:20:49.342 [main] INFO  org.testng.internal.Utils - [TestNG] Running:
  E:\java-automation\OpencartV121\master.xml

12:20:52.674 [main] INFO  testCases.TC005_AddToCartPageTest - ***** Started TC005_AddToCartPageTest ******
12:20:57.075 [main] ERROR testCases.TC005_AddToCartPageTest - Test Failed
12:22:06.447 [main] DEBUG org.testng.TestNG - suiteXmlPath: "E:\java-automation\OpencartV121\master.xml"
12:22:06.613 [main] INFO  org.testng.internal.Utils - [TestNG] Running:
  E:\java-automation\OpencartV121\master.xml

12:22:11.292 [main] INFO  testCases.TC005_AddToCartPageTest - ***** Started TC005_AddToCartPageTest ******
12:22:12.317 [main] ERROR testCases.TC005_AddToCartPageTest - Test Failed
12:22:33.045 [main] DEBUG org.testng.TestNG - suiteXmlPath: "E:\java-automation\OpencartV121\master.xml"
12:22:33.199 [main] INFO  org.testng.internal.Utils - [TestNG] Running:
  E:\java-automation\OpencartV121\master.xml

12:22:35.780 [main] INFO  testCases.TC005_AddToCartPageTest - ***** Started TC005_AddToCartPageTest ******
12:22:36.807 [main] ERROR testCases.TC005_AddToCartPageTest - Test Failed
12:23:42.129 [main] DEBUG org.testng.TestNG - suiteXmlPath: "E:\java-automation\OpencartV121\master.xml"
12:23:42.288 [main] INFO  org.testng.internal.Utils - [TestNG] Running:
  E:\java-automation\OpencartV121\master.xml

12:23:45.250 [main] INFO  testCases.TC005_AddToCartPageTest - ***** Started TC005_AddToCartPageTest ******
12:23:46.294 [main] ERROR testCases.TC005_AddToCartPageTest - Test Failed
12:25:22.199 [main] DEBUG org.testng.TestNG - suiteXmlPath: "E:\java-automation\OpencartV121\master.xml"
12:25:22.365 [main] INFO  org.testng.internal.Utils - [TestNG] Running:
  E:\java-automation\OpencartV121\master.xml

12:25:25.745 [main] INFO  testCases.TC005_AddToCartPageTest - ***** Started TC005_AddToCartPageTest ******
12:25:27.173 [main] INFO  testCases.TC005_AddToCartPageTest - ***** Finished TC005_AddToCartPageTest ******
12:27:00.518 [main] DEBUG org.testng.TestNG - suiteXmlPath: "E:\java-automation\OpencartV121\master.xml"
12:27:00.672 [main] INFO  org.testng.internal.Utils - [TestNG] Running:
  E:\java-automation\OpencartV121\master.xml

12:27:03.758 [main] INFO  testCases.TC005_AddToCartPageTest - ***** Started TC005_AddToCartPageTest ******
12:27:11.800 [main] INFO  testCases.TC005_AddToCartPageTest - ***** Finished TC005_AddToCartPageTest ******
16:12:29.599 [main] DEBUG org.testng.TestNG - suiteXmlPath: "E:\java-automation\OpencartV121\master.xml"
16:12:29.792 [main] INFO  org.testng.internal.Utils - [TestNG] Running:
  E:\java-automation\OpencartV121\master.xml

16:12:35.965 [main] INFO  testCases.TC006_ViewCartPageTest - ***** Started TC006_ViewCartPageTest ******
16:15:28.526 [main] DEBUG org.testng.TestNG - suiteXmlPath: "E:\java-automation\OpencartV121\master.xml"
16:15:28.678 [main] INFO  org.testng.internal.Utils - [TestNG] Running:
  E:\java-automation\OpencartV121\master.xml

16:15:32.050 [main] INFO  testCases.TC006_ViewCartPageTest - ***** Started TC006_ViewCartPageTest ******
16:15:42.105 [main] INFO  testCases.TC006_ViewCartPageTest - ***** Finished TC006_ViewCartPageTest ******
16:29:39.586 [main] DEBUG org.testng.TestNG - suiteXmlPath: "E:\java-automation\OpencartV121\master.xml"
16:29:39.747 [main] INFO  org.testng.internal.Utils - [TestNG] Running:
  E:\java-automation\OpencartV121\master.xml

16:29:43.490 [main] INFO  testCases.TC006_ViewCartPageTest - ***** Started TC006_ViewCartPageTest ******
16:30:03.236 [main] ERROR testCases.TC006_ViewCartPageTest - Test Failed
16:36:29.425 [main] DEBUG org.testng.TestNG - suiteXmlPath: "E:\java-automation\OpencartV121\master.xml"
16:36:29.590 [main] INFO  org.testng.internal.Utils - [TestNG] Running:
  E:\java-automation\OpencartV121\master.xml

16:36:32.533 [main] INFO  testCases.TC006_ViewCartPageTest - ***** Started TC006_ViewCartPageTest ******
